[2026-03-03 11:46:28,148: INFO: main: Loggin' is implemented]
[2026-03-05 01:05:17,367: INFO: common: YAML file:config/config.yaml loaded successfully]
[2026-03-05 01:05:17,370: INFO: common: YAML file:params.yaml loaded successfully]
[2026-03-05 01:05:17,370: INFO: common: Directory Created at: artifacts]
[2026-03-05 01:05:17,371: INFO: common: Directory Created at: artifacts/data_ingestion]
[2026-03-05 01:05:53,099: INFO: common: YAML file:config/config.yaml loaded successfully]
[2026-03-05 01:05:53,100: INFO: common: YAML file:params.yaml loaded successfully]
[2026-03-05 01:05:53,101: INFO: common: Directory Created at: artifacts]
[2026-03-05 01:05:53,102: INFO: common: Directory Created at: artifacts/data_ingestion]
[2026-03-05 01:06:49,766: INFO: common: YAML file:config/config.yaml loaded successfully]
[2026-03-05 01:06:49,769: INFO: common: YAML file:params.yaml loaded successfully]
[2026-03-05 01:06:49,771: INFO: common: Directory Created at: artifacts]
[2026-03-05 01:06:49,772: INFO: common: Directory Created at: artifacts/data_ingestion]
[2026-03-05 01:08:25,515: INFO: common: YAML file:config/config.yaml loaded successfully]
[2026-03-05 01:08:25,518: INFO: common: YAML file:params.yaml loaded successfully]
[2026-03-05 01:08:25,519: INFO: common: Directory Created at: artifacts]
[2026-03-05 01:08:25,520: INFO: common: Directory Created at: artifacts/data_ingestion]
[2026-03-05 01:08:26,714: INFO: 2864065525: File is downloaded]
[2026-03-05 01:38:03,420: INFO: main: Stage: Data Ingestion stage initiated]
[2026-03-05 01:38:03,421: INFO: common: YAML file:config/config.yaml loaded successfully]
[2026-03-05 01:38:03,421: INFO: common: YAML file:params.yaml loaded successfully]
[2026-03-05 01:38:03,422: INFO: common: Directory Created at: artifacts]
[2026-03-05 01:38:03,422: INFO: common: Directory Created at: artifacts/data_ingestion]
[2026-03-05 01:38:04,477: INFO: data_ingestion: File is downloaded]
[2026-03-05 01:38:04,592: INFO: main: Stage: Data Ingestion stage completed]
[2026-03-05 03:24:06,488: INFO: common: YAML file:config/config.yaml loaded successfully]
[2026-03-05 03:24:06,491: INFO: common: YAML file:params.yaml loaded successfully]
[2026-03-05 03:24:06,493: INFO: common: Directory Created at: artifacts]
[2026-03-05 03:24:06,494: INFO: common: Directory Created at: artifacts/data_transformation]
[2026-03-05 03:24:06,705: INFO: _client: HTTP Request: HEAD https://huggingface.co/google/pegasus-cnn_dailymail/resolve/main/config.json "HTTP/1.1 307 Temporary Redirect"]
[2026-03-05 03:24:06,725: WARNING: _http: Warning: You are sending unauthenticated requests to the HF Hub. Please set a HF_TOKEN to enable higher rate limits and faster downloads.]
[2026-03-05 03:24:06,773: INFO: _client: HTTP Request: HEAD https://huggingface.co/api/resolve-cache/models/google/pegasus-cnn_dailymail/40d588fdab0cc077b80d950b300bf66ad3c75b92/config.json "HTTP/1.1 200 OK"]
[2026-03-05 03:24:06,856: INFO: _client: HTTP Request: GET https://huggingface.co/api/resolve-cache/models/google/pegasus-cnn_dailymail/40d588fdab0cc077b80d950b300bf66ad3c75b92/config.json "HTTP/1.1 200 OK"]
[2026-03-05 03:24:06,935: INFO: _client: HTTP Request: HEAD https://huggingface.co/google/pegasus-cnn_dailymail/resolve/main/tokenizer_config.json "HTTP/1.1 307 Temporary Redirect"]
[2026-03-05 03:24:06,969: INFO: _client: HTTP Request: HEAD https://huggingface.co/api/resolve-cache/models/google/pegasus-cnn_dailymail/40d588fdab0cc077b80d950b300bf66ad3c75b92/tokenizer_config.json "HTTP/1.1 200 OK"]
[2026-03-05 03:24:07,004: INFO: _client: HTTP Request: GET https://huggingface.co/api/resolve-cache/models/google/pegasus-cnn_dailymail/40d588fdab0cc077b80d950b300bf66ad3c75b92/tokenizer_config.json "HTTP/1.1 200 OK"]
[2026-03-05 03:24:07,048: INFO: _client: HTTP Request: GET https://huggingface.co/api/models/google/pegasus-cnn_dailymail/tree/main/additional_chat_templates?recursive=false&expand=false "HTTP/1.1 404 Not Found"]
[2026-03-05 03:24:07,093: INFO: _client: HTTP Request: GET https://huggingface.co/api/models/google/pegasus-cnn_dailymail/tree/main?recursive=true&expand=false "HTTP/1.1 200 OK"]
[2026-03-05 03:24:07,131: INFO: _client: HTTP Request: HEAD https://huggingface.co/google/pegasus-cnn_dailymail/resolve/main/spiece.model "HTTP/1.1 307 Temporary Redirect"]
[2026-03-05 03:24:07,172: INFO: _client: HTTP Request: HEAD https://huggingface.co/api/resolve-cache/models/google/pegasus-cnn_dailymail/40d588fdab0cc077b80d950b300bf66ad3c75b92/spiece.model "HTTP/1.1 200 OK"]
[2026-03-05 03:24:07,214: INFO: _client: HTTP Request: GET https://huggingface.co/api/resolve-cache/models/google/pegasus-cnn_dailymail/40d588fdab0cc077b80d950b300bf66ad3c75b92/spiece.model "HTTP/1.1 200 OK"]
[2026-03-05 03:24:07,388: INFO: _client: HTTP Request: HEAD https://huggingface.co/google/pegasus-cnn_dailymail/resolve/main/tokenizer.json "HTTP/1.1 404 Not Found"]
[2026-03-05 03:24:07,437: INFO: _client: HTTP Request: HEAD https://huggingface.co/google/pegasus-cnn_dailymail/resolve/main/added_tokens.json "HTTP/1.1 404 Not Found"]
[2026-03-05 03:24:07,481: INFO: _client: HTTP Request: HEAD https://huggingface.co/google/pegasus-cnn_dailymail/resolve/main/special_tokens_map.json "HTTP/1.1 307 Temporary Redirect"]
[2026-03-05 03:24:07,527: INFO: _client: HTTP Request: HEAD https://huggingface.co/api/resolve-cache/models/google/pegasus-cnn_dailymail/40d588fdab0cc077b80d950b300bf66ad3c75b92/special_tokens_map.json "HTTP/1.1 200 OK"]
[2026-03-05 03:24:07,561: INFO: _client: HTTP Request: GET https://huggingface.co/api/resolve-cache/models/google/pegasus-cnn_dailymail/40d588fdab0cc077b80d950b300bf66ad3c75b92/special_tokens_map.json "HTTP/1.1 200 OK"]
[2026-03-05 03:24:07,621: INFO: _client: HTTP Request: HEAD https://huggingface.co/google/pegasus-cnn_dailymail/resolve/main/chat_template.jinja "HTTP/1.1 404 Not Found"]
[2026-03-05 03:25:47,427: INFO: common: YAML file:config/config.yaml loaded successfully]
[2026-03-05 03:25:47,430: INFO: common: YAML file:params.yaml loaded successfully]
[2026-03-05 03:25:47,431: INFO: common: Directory Created at: artifacts]
[2026-03-05 03:25:47,433: INFO: common: Directory Created at: artifacts/data_transformation]
[2026-03-05 03:25:47,560: INFO: _client: HTTP Request: HEAD https://huggingface.co/google/pegasus-cnn_dailymail/resolve/main/config.json "HTTP/1.1 307 Temporary Redirect"]
[2026-03-05 03:25:47,587: INFO: _client: HTTP Request: HEAD https://huggingface.co/api/resolve-cache/models/google/pegasus-cnn_dailymail/40d588fdab0cc077b80d950b300bf66ad3c75b92/config.json "HTTP/1.1 200 OK"]
[2026-03-05 03:25:47,633: INFO: _client: HTTP Request: HEAD https://huggingface.co/google/pegasus-cnn_dailymail/resolve/main/tokenizer_config.json "HTTP/1.1 307 Temporary Redirect"]
[2026-03-05 03:25:47,661: INFO: _client: HTTP Request: HEAD https://huggingface.co/api/resolve-cache/models/google/pegasus-cnn_dailymail/40d588fdab0cc077b80d950b300bf66ad3c75b92/tokenizer_config.json "HTTP/1.1 200 OK"]
[2026-03-05 03:25:47,717: INFO: _client: HTTP Request: GET https://huggingface.co/api/models/google/pegasus-cnn_dailymail/tree/main/additional_chat_templates?recursive=false&expand=false "HTTP/1.1 404 Not Found"]
[2026-03-05 03:25:47,770: INFO: _client: HTTP Request: GET https://huggingface.co/api/models/google/pegasus-cnn_dailymail/tree/main?recursive=true&expand=false "HTTP/1.1 200 OK"]
[2026-03-05 03:26:15,131: INFO: common: YAML file:config/config.yaml loaded successfully]
[2026-03-05 03:26:15,133: INFO: common: YAML file:params.yaml loaded successfully]
[2026-03-05 03:26:15,133: INFO: common: Directory Created at: artifacts]
[2026-03-05 03:26:15,134: INFO: common: Directory Created at: artifacts/data_transformation]
[2026-03-05 03:26:15,252: INFO: _client: HTTP Request: HEAD https://huggingface.co/google/pegasus-cnn_dailymail/resolve/main/config.json "HTTP/1.1 307 Temporary Redirect"]
[2026-03-05 03:26:15,279: INFO: _client: HTTP Request: HEAD https://huggingface.co/api/resolve-cache/models/google/pegasus-cnn_dailymail/40d588fdab0cc077b80d950b300bf66ad3c75b92/config.json "HTTP/1.1 200 OK"]
[2026-03-05 03:26:15,359: INFO: _client: HTTP Request: HEAD https://huggingface.co/google/pegasus-cnn_dailymail/resolve/main/tokenizer_config.json "HTTP/1.1 307 Temporary Redirect"]
[2026-03-05 03:26:15,386: INFO: _client: HTTP Request: HEAD https://huggingface.co/api/resolve-cache/models/google/pegasus-cnn_dailymail/40d588fdab0cc077b80d950b300bf66ad3c75b92/tokenizer_config.json "HTTP/1.1 200 OK"]
[2026-03-05 03:26:15,458: INFO: _client: HTTP Request: GET https://huggingface.co/api/models/google/pegasus-cnn_dailymail/tree/main/additional_chat_templates?recursive=false&expand=false "HTTP/1.1 404 Not Found"]
[2026-03-05 03:26:15,509: INFO: _client: HTTP Request: GET https://huggingface.co/api/models/google/pegasus-cnn_dailymail/tree/main?recursive=true&expand=false "HTTP/1.1 200 OK"]
[2026-03-05 03:28:11,146: INFO: common: YAML file:config/config.yaml loaded successfully]
[2026-03-05 03:28:11,148: INFO: common: YAML file:params.yaml loaded successfully]
[2026-03-05 03:28:11,149: INFO: common: Directory Created at: artifacts]
[2026-03-05 03:28:11,150: INFO: common: Directory Created at: artifacts/data_transformation]
[2026-03-05 03:28:11,368: INFO: _client: HTTP Request: HEAD https://huggingface.co/google/pegasus-cnn_dailymail/resolve/main/config.json "HTTP/1.1 307 Temporary Redirect"]
[2026-03-05 03:28:11,401: INFO: _client: HTTP Request: HEAD https://huggingface.co/api/resolve-cache/models/google/pegasus-cnn_dailymail/40d588fdab0cc077b80d950b300bf66ad3c75b92/config.json "HTTP/1.1 200 OK"]
[2026-03-05 03:28:11,457: INFO: _client: HTTP Request: HEAD https://huggingface.co/google/pegasus-cnn_dailymail/resolve/main/tokenizer_config.json "HTTP/1.1 307 Temporary Redirect"]
[2026-03-05 03:28:11,476: INFO: _client: HTTP Request: HEAD https://huggingface.co/api/resolve-cache/models/google/pegasus-cnn_dailymail/40d588fdab0cc077b80d950b300bf66ad3c75b92/tokenizer_config.json "HTTP/1.1 200 OK"]
[2026-03-05 03:28:11,546: INFO: _client: HTTP Request: GET https://huggingface.co/api/models/google/pegasus-cnn_dailymail/tree/main/additional_chat_templates?recursive=false&expand=false "HTTP/1.1 404 Not Found"]
[2026-03-05 03:28:11,609: INFO: _client: HTTP Request: GET https://huggingface.co/api/models/google/pegasus-cnn_dailymail/tree/main?recursive=true&expand=false "HTTP/1.1 200 OK"]
[2026-03-05 03:28:59,916: INFO: common: YAML file:config/config.yaml loaded successfully]
[2026-03-05 03:28:59,925: INFO: common: YAML file:params.yaml loaded successfully]
[2026-03-05 03:28:59,926: INFO: common: Directory Created at: artifacts]
[2026-03-05 03:28:59,929: INFO: common: Directory Created at: artifacts/data_transformation]
[2026-03-05 03:29:00,059: INFO: _client: HTTP Request: HEAD https://huggingface.co/google/pegasus-cnn_dailymail/resolve/main/config.json "HTTP/1.1 307 Temporary Redirect"]
[2026-03-05 03:29:00,084: INFO: _client: HTTP Request: HEAD https://huggingface.co/api/resolve-cache/models/google/pegasus-cnn_dailymail/40d588fdab0cc077b80d950b300bf66ad3c75b92/config.json "HTTP/1.1 200 OK"]
[2026-03-05 03:29:00,135: INFO: _client: HTTP Request: HEAD https://huggingface.co/google/pegasus-cnn_dailymail/resolve/main/tokenizer_config.json "HTTP/1.1 307 Temporary Redirect"]
[2026-03-05 03:29:00,136: WARNING: _http: Warning: You are sending unauthenticated requests to the HF Hub. Please set a HF_TOKEN to enable higher rate limits and faster downloads.]
[2026-03-05 03:29:00,165: INFO: _client: HTTP Request: HEAD https://huggingface.co/api/resolve-cache/models/google/pegasus-cnn_dailymail/40d588fdab0cc077b80d950b300bf66ad3c75b92/tokenizer_config.json "HTTP/1.1 200 OK"]
[2026-03-05 03:29:00,213: INFO: _client: HTTP Request: GET https://huggingface.co/api/models/google/pegasus-cnn_dailymail/tree/main/additional_chat_templates?recursive=false&expand=false "HTTP/1.1 404 Not Found"]
[2026-03-05 03:29:00,264: INFO: _client: HTTP Request: GET https://huggingface.co/api/models/google/pegasus-cnn_dailymail/tree/main?recursive=true&expand=false "HTTP/1.1 200 OK"]
[2026-03-05 03:31:15,391: INFO: common: YAML file:config/config.yaml loaded successfully]
[2026-03-05 03:31:15,393: INFO: common: YAML file:params.yaml loaded successfully]
[2026-03-05 03:31:15,393: INFO: common: Directory Created at: artifacts]
[2026-03-05 03:31:15,393: INFO: common: Directory Created at: artifacts/data_transformation]
[2026-03-05 03:31:15,540: INFO: _client: HTTP Request: HEAD https://huggingface.co/google/pegasus-cnn_dailymail/resolve/main/config.json "HTTP/1.1 307 Temporary Redirect"]
[2026-03-05 03:31:15,564: INFO: _client: HTTP Request: HEAD https://huggingface.co/api/resolve-cache/models/google/pegasus-cnn_dailymail/40d588fdab0cc077b80d950b300bf66ad3c75b92/config.json "HTTP/1.1 200 OK"]
[2026-03-05 03:31:15,608: INFO: _client: HTTP Request: HEAD https://huggingface.co/google/pegasus-cnn_dailymail/resolve/main/tokenizer_config.json "HTTP/1.1 307 Temporary Redirect"]
[2026-03-05 03:31:15,635: INFO: _client: HTTP Request: HEAD https://huggingface.co/api/resolve-cache/models/google/pegasus-cnn_dailymail/40d588fdab0cc077b80d950b300bf66ad3c75b92/tokenizer_config.json "HTTP/1.1 200 OK"]
[2026-03-05 03:31:15,699: INFO: _client: HTTP Request: GET https://huggingface.co/api/models/google/pegasus-cnn_dailymail/tree/main/additional_chat_templates?recursive=false&expand=false "HTTP/1.1 404 Not Found"]
[2026-03-05 03:31:15,742: INFO: _client: HTTP Request: GET https://huggingface.co/api/models/google/pegasus-cnn_dailymail/tree/main?recursive=true&expand=false "HTTP/1.1 200 OK"]
[2026-03-05 03:49:22,312: INFO: main: Stage: Data Ingestion stage initiated]
[2026-03-05 03:49:22,313: INFO: common: YAML file:config/config.yaml loaded successfully]
[2026-03-05 03:49:22,314: INFO: common: YAML file:params.yaml loaded successfully]
[2026-03-05 03:49:22,314: INFO: common: Directory Created at: artifacts]
[2026-03-05 03:49:22,314: ERROR: main: 'ConfigurationManager' object has no attribute 'getDataIngestionConfig']
Traceback (most recent call last):
  File "/Users/kiranprasadjp/Documents/Pros/NLP/hf-summarizer/main.py", line 9, in <module>
    dataIngestPipeline.initiateDataIngestion()
  File "/Users/kiranprasadjp/Documents/Pros/NLP/hf-summarizer/src/text_summarizer/pipeline/stage_1_data_ingestion_pipeline.py", line 11, in initiateDataIngestion
    dataIngestConfig= config.getDataIngestionConfig()
                      ^^^^^^^^^^^^^^^^^^^^^^^^^^^^^
AttributeError: 'ConfigurationManager' object has no attribute 'getDataIngestionConfig'
[2026-03-05 03:51:32,429: INFO: main: Stage: Data Ingestion stage initiated]
[2026-03-05 03:51:32,430: INFO: common: YAML file:config/config.yaml loaded successfully]
[2026-03-05 03:51:32,431: INFO: common: YAML file:params.yaml loaded successfully]
[2026-03-05 03:51:32,431: INFO: common: Directory Created at: artifacts]
[2026-03-05 03:51:32,431: INFO: common: Directory Created at: artifacts/data_ingestion]
[2026-03-05 03:51:32,431: INFO: data_ingestion: File already exists]
[2026-03-05 03:51:32,549: INFO: main: Stage: Data Ingestion stage completed]
[2026-03-05 03:51:32,549: INFO: main: Stage: Data Transformation stage initiated]
[2026-03-05 03:51:32,549: INFO: common: YAML file:config/config.yaml loaded successfully]
[2026-03-05 03:51:32,550: INFO: common: YAML file:params.yaml loaded successfully]
[2026-03-05 03:51:32,550: INFO: common: Directory Created at: artifacts]
[2026-03-05 03:51:32,550: INFO: common: Directory Created at: artifacts/data_transformation]
[2026-03-05 03:51:32,750: INFO: _client: HTTP Request: HEAD https://huggingface.co/google/pegasus-cnn_dailymail/resolve/main/config.json "HTTP/1.1 307 Temporary Redirect"]
[2026-03-05 03:51:32,774: INFO: _client: HTTP Request: HEAD https://huggingface.co/api/resolve-cache/models/google/pegasus-cnn_dailymail/40d588fdab0cc077b80d950b300bf66ad3c75b92/config.json "HTTP/1.1 200 OK"]
[2026-03-05 03:51:32,829: INFO: _client: HTTP Request: HEAD https://huggingface.co/google/pegasus-cnn_dailymail/resolve/main/tokenizer_config.json "HTTP/1.1 307 Temporary Redirect"]
[2026-03-05 03:51:32,829: WARNING: _http: Warning: You are sending unauthenticated requests to the HF Hub. Please set a HF_TOKEN to enable higher rate limits and faster downloads.]
[2026-03-05 03:51:32,851: INFO: _client: HTTP Request: HEAD https://huggingface.co/api/resolve-cache/models/google/pegasus-cnn_dailymail/40d588fdab0cc077b80d950b300bf66ad3c75b92/tokenizer_config.json "HTTP/1.1 200 OK"]
[2026-03-05 03:51:32,928: INFO: _client: HTTP Request: GET https://huggingface.co/api/models/google/pegasus-cnn_dailymail/tree/main/additional_chat_templates?recursive=false&expand=false "HTTP/1.1 404 Not Found"]
[2026-03-05 03:51:33,035: INFO: _client: HTTP Request: GET https://huggingface.co/api/models/google/pegasus-cnn_dailymail/tree/main?recursive=true&expand=false "HTTP/1.1 200 OK"]
[2026-03-05 03:51:35,835: INFO: main: Stage: Data Transformation stage completed]
[2026-03-05 03:58:40,344: INFO: main: Stage: Data Ingestion stage initiated]
[2026-03-05 03:58:40,345: INFO: common: YAML file:config/config.yaml loaded successfully]
[2026-03-05 03:58:40,345: INFO: common: YAML file:params.yaml loaded successfully]
[2026-03-05 03:58:40,345: INFO: common: Directory Created at: artifacts]
[2026-03-05 03:58:40,345: INFO: common: Directory Created at: artifacts/data_ingestion]
[2026-03-05 03:58:40,345: INFO: data_ingestion: File already exists]
[2026-03-05 03:58:40,467: INFO: main: Stage: Data Ingestion stage completed]
[2026-03-05 03:58:40,467: INFO: main: Stage: Data Transformation stage initiated]
[2026-03-05 03:58:40,468: INFO: common: YAML file:config/config.yaml loaded successfully]
[2026-03-05 03:58:40,468: INFO: common: YAML file:params.yaml loaded successfully]
[2026-03-05 03:58:40,468: INFO: common: Directory Created at: artifacts]
[2026-03-05 03:58:40,468: INFO: common: Directory Created at: artifacts/data_transformation]
[2026-03-05 03:58:40,620: INFO: _client: HTTP Request: HEAD https://huggingface.co/google/pegasus-cnn_dailymail/resolve/main/config.json "HTTP/1.1 307 Temporary Redirect"]
[2026-03-05 03:58:40,638: INFO: _client: HTTP Request: HEAD https://huggingface.co/api/resolve-cache/models/google/pegasus-cnn_dailymail/40d588fdab0cc077b80d950b300bf66ad3c75b92/config.json "HTTP/1.1 200 OK"]
[2026-03-05 03:58:40,682: INFO: _client: HTTP Request: HEAD https://huggingface.co/google/pegasus-cnn_dailymail/resolve/main/tokenizer_config.json "HTTP/1.1 307 Temporary Redirect"]
[2026-03-05 03:58:40,704: INFO: _client: HTTP Request: HEAD https://huggingface.co/api/resolve-cache/models/google/pegasus-cnn_dailymail/40d588fdab0cc077b80d950b300bf66ad3c75b92/tokenizer_config.json "HTTP/1.1 200 OK"]
[2026-03-05 03:58:40,748: INFO: _client: HTTP Request: GET https://huggingface.co/api/models/google/pegasus-cnn_dailymail/tree/main/additional_chat_templates?recursive=false&expand=false "HTTP/1.1 404 Not Found"]
[2026-03-05 03:58:40,794: INFO: _client: HTTP Request: GET https://huggingface.co/api/models/google/pegasus-cnn_dailymail/tree/main?recursive=true&expand=false "HTTP/1.1 200 OK"]
[2026-03-05 03:58:42,030: INFO: main: Stage: Data Transformation stage completed]
[2026-03-05 13:27:26,807: INFO: common: YAML file:config/config.yaml loaded successfully]
[2026-03-05 13:27:26,810: INFO: common: YAML file:params.yaml loaded successfully]
[2026-03-05 13:27:26,812: INFO: common: Directory Created at: artifacts]
[2026-03-05 13:27:39,944: INFO: common: YAML file:config/config.yaml loaded successfully]
[2026-03-05 13:27:39,947: INFO: common: YAML file:params.yaml loaded successfully]
[2026-03-05 13:27:39,948: INFO: common: Directory Created at: artifacts]
[2026-03-05 13:28:37,443: INFO: common: YAML file:config/config.yaml loaded successfully]
[2026-03-05 13:28:37,445: INFO: common: YAML file:params.yaml loaded successfully]
[2026-03-05 13:28:37,446: INFO: common: Directory Created at: artifacts]
[2026-03-05 13:30:00,081: INFO: common: YAML file:config/config.yaml loaded successfully]
[2026-03-05 13:30:00,083: INFO: common: YAML file:params.yaml loaded successfully]
[2026-03-05 13:30:00,084: INFO: common: Directory Created at: artifacts]
[2026-03-05 13:30:00,087: INFO: common: Directory Created at: artifacts/model_trainer]
[2026-03-05 13:30:00,330: INFO: _client: HTTP Request: HEAD https://huggingface.co/google/pegasus-cnn_dailymail/resolve/main/config.json "HTTP/1.1 307 Temporary Redirect"]
[2026-03-05 13:30:00,353: INFO: _client: HTTP Request: HEAD https://huggingface.co/api/resolve-cache/models/google/pegasus-cnn_dailymail/40d588fdab0cc077b80d950b300bf66ad3c75b92/config.json "HTTP/1.1 200 OK"]
[2026-03-05 13:30:00,431: INFO: _client: HTTP Request: HEAD https://huggingface.co/google/pegasus-cnn_dailymail/resolve/main/tokenizer_config.json "HTTP/1.1 307 Temporary Redirect"]
[2026-03-05 13:30:00,460: INFO: _client: HTTP Request: HEAD https://huggingface.co/api/resolve-cache/models/google/pegasus-cnn_dailymail/40d588fdab0cc077b80d950b300bf66ad3c75b92/tokenizer_config.json "HTTP/1.1 200 OK"]
[2026-03-05 13:30:00,516: INFO: _client: HTTP Request: GET https://huggingface.co/api/models/google/pegasus-cnn_dailymail/tree/main/additional_chat_templates?recursive=false&expand=false "HTTP/1.1 404 Not Found"]
[2026-03-05 13:30:00,576: INFO: _client: HTTP Request: GET https://huggingface.co/api/models/google/pegasus-cnn_dailymail/tree/main?recursive=true&expand=false "HTTP/1.1 200 OK"]
[2026-03-05 13:30:00,832: INFO: _client: HTTP Request: HEAD https://huggingface.co/google/pegasus-cnn_dailymail/resolve/main/config.json "HTTP/1.1 307 Temporary Redirect"]
[2026-03-05 13:30:00,856: INFO: _client: HTTP Request: HEAD https://huggingface.co/api/resolve-cache/models/google/pegasus-cnn_dailymail/40d588fdab0cc077b80d950b300bf66ad3c75b92/config.json "HTTP/1.1 200 OK"]
[2026-03-05 13:30:00,902: INFO: _client: HTTP Request: HEAD https://huggingface.co/google/pegasus-cnn_dailymail/resolve/main/tokenizer_config.json "HTTP/1.1 307 Temporary Redirect"]
[2026-03-05 13:30:00,920: INFO: _client: HTTP Request: HEAD https://huggingface.co/api/resolve-cache/models/google/pegasus-cnn_dailymail/40d588fdab0cc077b80d950b300bf66ad3c75b92/tokenizer_config.json "HTTP/1.1 200 OK"]
[2026-03-05 13:30:00,962: INFO: _client: HTTP Request: GET https://huggingface.co/api/models/google/pegasus-cnn_dailymail/tree/main/additional_chat_templates?recursive=false&expand=false "HTTP/1.1 404 Not Found"]
[2026-03-05 13:30:01,006: INFO: _client: HTTP Request: GET https://huggingface.co/api/models/google/pegasus-cnn_dailymail/tree/main?recursive=true&expand=false "HTTP/1.1 200 OK"]
[2026-03-05 13:41:56,875: INFO: common: YAML file:config/config.yaml loaded successfully]
[2026-03-05 13:41:56,877: INFO: common: YAML file:params.yaml loaded successfully]
[2026-03-05 13:41:56,878: INFO: common: Directory Created at: artifacts]
[2026-03-05 13:41:56,879: INFO: common: Directory Created at: artifacts/model_trainer]
[2026-03-05 13:41:57,083: INFO: _client: HTTP Request: HEAD https://huggingface.co/google/pegasus-cnn_dailymail/resolve/main/config.json "HTTP/1.1 307 Temporary Redirect"]
[2026-03-05 13:41:57,111: INFO: _client: HTTP Request: HEAD https://huggingface.co/api/resolve-cache/models/google/pegasus-cnn_dailymail/40d588fdab0cc077b80d950b300bf66ad3c75b92/config.json "HTTP/1.1 200 OK"]
[2026-03-05 13:41:57,159: INFO: _client: HTTP Request: HEAD https://huggingface.co/google/pegasus-cnn_dailymail/resolve/main/tokenizer_config.json "HTTP/1.1 307 Temporary Redirect"]
[2026-03-05 13:41:57,191: INFO: _client: HTTP Request: HEAD https://huggingface.co/api/resolve-cache/models/google/pegasus-cnn_dailymail/40d588fdab0cc077b80d950b300bf66ad3c75b92/tokenizer_config.json "HTTP/1.1 200 OK"]
[2026-03-05 13:41:57,245: INFO: _client: HTTP Request: GET https://huggingface.co/api/models/google/pegasus-cnn_dailymail/tree/main/additional_chat_templates?recursive=false&expand=false "HTTP/1.1 404 Not Found"]
[2026-03-05 13:41:57,297: INFO: _client: HTTP Request: GET https://huggingface.co/api/models/google/pegasus-cnn_dailymail/tree/main?recursive=true&expand=false "HTTP/1.1 200 OK"]
[2026-03-05 13:41:57,508: INFO: _client: HTTP Request: HEAD https://huggingface.co/google/pegasus-cnn_dailymail/resolve/main/config.json "HTTP/1.1 307 Temporary Redirect"]
[2026-03-05 13:41:57,534: INFO: _client: HTTP Request: HEAD https://huggingface.co/api/resolve-cache/models/google/pegasus-cnn_dailymail/40d588fdab0cc077b80d950b300bf66ad3c75b92/config.json "HTTP/1.1 200 OK"]
[2026-03-05 13:41:57,641: INFO: _client: HTTP Request: HEAD https://huggingface.co/google/pegasus-cnn_dailymail/resolve/main/model.safetensors "HTTP/1.1 404 Not Found"]
[2026-03-05 13:41:57,691: INFO: _client: HTTP Request: HEAD https://huggingface.co/google/pegasus-cnn_dailymail/resolve/main/model.safetensors.index.json "HTTP/1.1 404 Not Found"]
[2026-03-05 13:41:57,692: WARNING: _http: Warning: You are sending unauthenticated requests to the HF Hub. Please set a HF_TOKEN to enable higher rate limits and faster downloads.]
[2026-03-05 13:41:57,735: INFO: _client: HTTP Request: HEAD https://huggingface.co/google/pegasus-cnn_dailymail/resolve/main/pytorch_model.bin "HTTP/1.1 302 Found"]
[2026-03-05 13:41:58,282: INFO: _client: HTTP Request: GET https://huggingface.co/api/models/google/pegasus-cnn_dailymail/xet-read-token/40d588fdab0cc077b80d950b300bf66ad3c75b92 "HTTP/1.1 200 OK"]
[2026-03-05 13:42:34,414: INFO: _client: HTTP Request: HEAD https://huggingface.co/google/pegasus-cnn_dailymail/resolve/main/model.safetensors "HTTP/1.1 404 Not Found"]
[2026-03-05 13:42:34,471: INFO: _client: HTTP Request: GET https://huggingface.co/api/models/google/pegasus-cnn_dailymail "HTTP/1.1 200 OK"]
[2026-03-05 13:42:34,889: INFO: _client: HTTP Request: GET https://huggingface.co/api/models/google/pegasus-cnn_dailymail/commits/main "HTTP/1.1 200 OK"]
[2026-03-05 13:42:35,088: INFO: _client: HTTP Request: GET https://huggingface.co/api/models/google/pegasus-cnn_dailymail/discussions?p=0 "HTTP/1.1 200 OK"]
[2026-03-05 13:42:35,342: INFO: _client: HTTP Request: GET https://huggingface.co/api/models/google/pegasus-cnn_dailymail/commits/refs%2Fpr%2F12 "HTTP/1.1 200 OK"]
[2026-03-05 13:42:35,427: INFO: _client: HTTP Request: HEAD https://huggingface.co/google/pegasus-cnn_dailymail/resolve/refs%2Fpr%2F12/model.safetensors.index.json "HTTP/1.1 404 Not Found"]
[2026-03-05 13:42:35,467: INFO: _client: HTTP Request: HEAD https://huggingface.co/google/pegasus-cnn_dailymail/resolve/refs%2Fpr%2F12/model.safetensors "HTTP/1.1 302 Found"]
[2026-03-05 13:42:36,021: INFO: _client: HTTP Request: GET https://huggingface.co/api/models/google/pegasus-cnn_dailymail/xet-read-token/7db4e727842ad86cc5cdfeaef4d14c6fb2b46511 "HTTP/1.1 200 OK"]
[2026-03-05 13:42:38,176: INFO: _client: HTTP Request: HEAD https://huggingface.co/google/pegasus-cnn_dailymail/resolve/main/generation_config.json "HTTP/1.1 307 Temporary Redirect"]
[2026-03-05 13:42:38,215: INFO: _client: HTTP Request: HEAD https://huggingface.co/api/resolve-cache/models/google/pegasus-cnn_dailymail/40d588fdab0cc077b80d950b300bf66ad3c75b92/generation_config.json "HTTP/1.1 200 OK"]
[2026-03-05 13:42:38,247: INFO: _client: HTTP Request: GET https://huggingface.co/api/resolve-cache/models/google/pegasus-cnn_dailymail/40d588fdab0cc077b80d950b300bf66ad3c75b92/generation_config.json "HTTP/1.1 200 OK"]
[2026-03-05 13:43:17,445: INFO: common: YAML file:config/config.yaml loaded successfully]
[2026-03-05 13:43:17,449: INFO: common: YAML file:params.yaml loaded successfully]
[2026-03-05 13:43:17,450: INFO: common: Directory Created at: artifacts]
[2026-03-05 13:43:17,451: INFO: common: Directory Created at: artifacts/model_trainer]
[2026-03-05 13:43:17,567: INFO: _client: HTTP Request: HEAD https://huggingface.co/google/pegasus-cnn_dailymail/resolve/main/config.json "HTTP/1.1 307 Temporary Redirect"]
[2026-03-05 13:43:17,594: INFO: _client: HTTP Request: HEAD https://huggingface.co/api/resolve-cache/models/google/pegasus-cnn_dailymail/40d588fdab0cc077b80d950b300bf66ad3c75b92/config.json "HTTP/1.1 200 OK"]
[2026-03-05 13:43:17,647: INFO: _client: HTTP Request: HEAD https://huggingface.co/google/pegasus-cnn_dailymail/resolve/main/tokenizer_config.json "HTTP/1.1 307 Temporary Redirect"]
[2026-03-05 13:43:17,673: INFO: _client: HTTP Request: HEAD https://huggingface.co/api/resolve-cache/models/google/pegasus-cnn_dailymail/40d588fdab0cc077b80d950b300bf66ad3c75b92/tokenizer_config.json "HTTP/1.1 200 OK"]
[2026-03-05 13:43:17,716: INFO: _client: HTTP Request: GET https://huggingface.co/api/models/google/pegasus-cnn_dailymail/tree/main/additional_chat_templates?recursive=false&expand=false "HTTP/1.1 404 Not Found"]
[2026-03-05 13:43:17,763: INFO: _client: HTTP Request: GET https://huggingface.co/api/models/google/pegasus-cnn_dailymail/tree/main?recursive=true&expand=false "HTTP/1.1 200 OK"]
[2026-03-05 13:43:17,958: INFO: _client: HTTP Request: HEAD https://huggingface.co/google/pegasus-cnn_dailymail/resolve/main/config.json "HTTP/1.1 307 Temporary Redirect"]
[2026-03-05 13:43:17,981: INFO: _client: HTTP Request: HEAD https://huggingface.co/api/resolve-cache/models/google/pegasus-cnn_dailymail/40d588fdab0cc077b80d950b300bf66ad3c75b92/config.json "HTTP/1.1 200 OK"]
[2026-03-05 13:43:18,023: INFO: _client: HTTP Request: HEAD https://huggingface.co/google/pegasus-cnn_dailymail/resolve/main/model.safetensors "HTTP/1.1 404 Not Found"]
[2026-03-05 13:43:18,077: INFO: _client: HTTP Request: GET https://huggingface.co/api/models/google/pegasus-cnn_dailymail "HTTP/1.1 200 OK"]
[2026-03-05 13:43:18,450: INFO: _client: HTTP Request: GET https://huggingface.co/api/models/google/pegasus-cnn_dailymail/commits/main "HTTP/1.1 200 OK"]
[2026-03-05 13:43:18,679: INFO: _client: HTTP Request: GET https://huggingface.co/api/models/google/pegasus-cnn_dailymail/discussions?p=0 "HTTP/1.1 200 OK"]
[2026-03-05 13:43:19,006: INFO: _client: HTTP Request: GET https://huggingface.co/api/models/google/pegasus-cnn_dailymail/commits/refs%2Fpr%2F12 "HTTP/1.1 200 OK"]
[2026-03-05 13:43:19,238: INFO: _client: HTTP Request: HEAD https://huggingface.co/google/pegasus-cnn_dailymail/resolve/refs%2Fpr%2F12/model.safetensors.index.json "HTTP/1.1 404 Not Found"]
[2026-03-05 13:43:19,298: INFO: _client: HTTP Request: HEAD https://huggingface.co/google/pegasus-cnn_dailymail/resolve/refs%2Fpr%2F12/model.safetensors "HTTP/1.1 302 Found"]
[2026-03-05 13:43:22,329: INFO: _client: HTTP Request: HEAD https://huggingface.co/google/pegasus-cnn_dailymail/resolve/main/generation_config.json "HTTP/1.1 307 Temporary Redirect"]
[2026-03-05 13:43:22,353: INFO: _client: HTTP Request: HEAD https://huggingface.co/api/resolve-cache/models/google/pegasus-cnn_dailymail/40d588fdab0cc077b80d950b300bf66ad3c75b92/generation_config.json "HTTP/1.1 200 OK"]
[2026-03-05 13:45:39,834: INFO: common: YAML file:config/config.yaml loaded successfully]
[2026-03-05 13:45:39,844: INFO: common: YAML file:params.yaml loaded successfully]
[2026-03-05 13:45:39,845: INFO: common: Directory Created at: artifacts]
[2026-03-05 13:45:39,846: INFO: common: Directory Created at: artifacts/model_trainer]
[2026-03-05 13:45:40,074: INFO: _client: HTTP Request: HEAD https://huggingface.co/google/pegasus-cnn_dailymail/resolve/main/config.json "HTTP/1.1 307 Temporary Redirect"]
[2026-03-05 13:45:40,100: INFO: _client: HTTP Request: HEAD https://huggingface.co/api/resolve-cache/models/google/pegasus-cnn_dailymail/40d588fdab0cc077b80d950b300bf66ad3c75b92/config.json "HTTP/1.1 200 OK"]
[2026-03-05 13:45:40,164: INFO: _client: HTTP Request: HEAD https://huggingface.co/google/pegasus-cnn_dailymail/resolve/main/tokenizer_config.json "HTTP/1.1 307 Temporary Redirect"]
[2026-03-05 13:45:40,191: INFO: _client: HTTP Request: HEAD https://huggingface.co/api/resolve-cache/models/google/pegasus-cnn_dailymail/40d588fdab0cc077b80d950b300bf66ad3c75b92/tokenizer_config.json "HTTP/1.1 200 OK"]
[2026-03-05 13:45:40,249: INFO: _client: HTTP Request: GET https://huggingface.co/api/models/google/pegasus-cnn_dailymail/tree/main/additional_chat_templates?recursive=false&expand=false "HTTP/1.1 404 Not Found"]
[2026-03-05 13:45:40,287: INFO: _client: HTTP Request: GET https://huggingface.co/api/models/google/pegasus-cnn_dailymail/tree/main?recursive=true&expand=false "HTTP/1.1 200 OK"]
[2026-03-05 13:45:40,549: INFO: _client: HTTP Request: HEAD https://huggingface.co/google/pegasus-cnn_dailymail/resolve/main/config.json "HTTP/1.1 307 Temporary Redirect"]
[2026-03-05 13:45:40,568: INFO: _client: HTTP Request: HEAD https://huggingface.co/api/resolve-cache/models/google/pegasus-cnn_dailymail/40d588fdab0cc077b80d950b300bf66ad3c75b92/config.json "HTTP/1.1 200 OK"]
[2026-03-05 13:45:40,625: INFO: _client: HTTP Request: HEAD https://huggingface.co/google/pegasus-cnn_dailymail/resolve/main/model.safetensors "HTTP/1.1 404 Not Found"]
[2026-03-05 13:45:40,671: INFO: _client: HTTP Request: GET https://huggingface.co/api/models/google/pegasus-cnn_dailymail "HTTP/1.1 200 OK"]
[2026-03-05 13:45:41,052: INFO: _client: HTTP Request: GET https://huggingface.co/api/models/google/pegasus-cnn_dailymail/commits/main "HTTP/1.1 200 OK"]
[2026-03-05 13:45:41,277: INFO: _client: HTTP Request: GET https://huggingface.co/api/models/google/pegasus-cnn_dailymail/discussions?p=0 "HTTP/1.1 200 OK"]
[2026-03-05 13:45:41,481: INFO: _client: HTTP Request: GET https://huggingface.co/api/models/google/pegasus-cnn_dailymail/commits/refs%2Fpr%2F12 "HTTP/1.1 200 OK"]
[2026-03-05 13:45:41,712: INFO: _client: HTTP Request: HEAD https://huggingface.co/google/pegasus-cnn_dailymail/resolve/refs%2Fpr%2F12/model.safetensors.index.json "HTTP/1.1 404 Not Found"]
[2026-03-05 13:45:41,917: INFO: _client: HTTP Request: HEAD https://huggingface.co/google/pegasus-cnn_dailymail/resolve/refs%2Fpr%2F12/model.safetensors "HTTP/1.1 302 Found"]
[2026-03-05 13:45:45,650: INFO: _client: HTTP Request: HEAD https://huggingface.co/google/pegasus-cnn_dailymail/resolve/main/generation_config.json "HTTP/1.1 307 Temporary Redirect"]
[2026-03-05 13:45:45,681: INFO: _client: HTTP Request: HEAD https://huggingface.co/api/resolve-cache/models/google/pegasus-cnn_dailymail/40d588fdab0cc077b80d950b300bf66ad3c75b92/generation_config.json "HTTP/1.1 200 OK"]
[2026-03-05 13:46:06,530: INFO: common: YAML file:config/config.yaml loaded successfully]
[2026-03-05 13:46:06,533: INFO: common: YAML file:params.yaml loaded successfully]
[2026-03-05 13:46:06,534: INFO: common: Directory Created at: artifacts]
[2026-03-05 13:46:06,536: INFO: common: Directory Created at: artifacts/model_trainer]
[2026-03-05 13:46:06,667: INFO: _client: HTTP Request: HEAD https://huggingface.co/google/pegasus-cnn_dailymail/resolve/main/config.json "HTTP/1.1 307 Temporary Redirect"]
[2026-03-05 13:46:06,698: INFO: _client: HTTP Request: HEAD https://huggingface.co/api/resolve-cache/models/google/pegasus-cnn_dailymail/40d588fdab0cc077b80d950b300bf66ad3c75b92/config.json "HTTP/1.1 200 OK"]
[2026-03-05 13:46:06,753: INFO: _client: HTTP Request: HEAD https://huggingface.co/google/pegasus-cnn_dailymail/resolve/main/tokenizer_config.json "HTTP/1.1 307 Temporary Redirect"]
[2026-03-05 13:46:06,772: INFO: _client: HTTP Request: HEAD https://huggingface.co/api/resolve-cache/models/google/pegasus-cnn_dailymail/40d588fdab0cc077b80d950b300bf66ad3c75b92/tokenizer_config.json "HTTP/1.1 200 OK"]
[2026-03-05 13:46:06,819: INFO: _client: HTTP Request: GET https://huggingface.co/api/models/google/pegasus-cnn_dailymail/tree/main/additional_chat_templates?recursive=false&expand=false "HTTP/1.1 404 Not Found"]
[2026-03-05 13:46:06,864: INFO: _client: HTTP Request: GET https://huggingface.co/api/models/google/pegasus-cnn_dailymail/tree/main?recursive=true&expand=false "HTTP/1.1 200 OK"]
[2026-03-05 13:46:07,077: INFO: _client: HTTP Request: HEAD https://huggingface.co/google/pegasus-cnn_dailymail/resolve/main/config.json "HTTP/1.1 307 Temporary Redirect"]
[2026-03-05 13:46:07,099: INFO: _client: HTTP Request: HEAD https://huggingface.co/api/resolve-cache/models/google/pegasus-cnn_dailymail/40d588fdab0cc077b80d950b300bf66ad3c75b92/config.json "HTTP/1.1 200 OK"]
[2026-03-05 13:46:07,142: INFO: _client: HTTP Request: HEAD https://huggingface.co/google/pegasus-cnn_dailymail/resolve/main/model.safetensors "HTTP/1.1 404 Not Found"]
[2026-03-05 13:46:07,187: INFO: _client: HTTP Request: GET https://huggingface.co/api/models/google/pegasus-cnn_dailymail "HTTP/1.1 200 OK"]
[2026-03-05 13:46:07,812: INFO: _client: HTTP Request: GET https://huggingface.co/api/models/google/pegasus-cnn_dailymail/commits/main "HTTP/1.1 200 OK"]
[2026-03-05 13:46:08,166: INFO: _client: HTTP Request: GET https://huggingface.co/api/models/google/pegasus-cnn_dailymail/discussions?p=0 "HTTP/1.1 200 OK"]
[2026-03-05 13:46:09,380: INFO: _client: HTTP Request: GET https://huggingface.co/api/models/google/pegasus-cnn_dailymail/commits/refs%2Fpr%2F12 "HTTP/1.1 200 OK"]
[2026-03-05 13:46:10,115: INFO: _client: HTTP Request: HEAD https://huggingface.co/google/pegasus-cnn_dailymail/resolve/refs%2Fpr%2F12/model.safetensors.index.json "HTTP/1.1 404 Not Found"]
[2026-03-05 13:46:10,304: INFO: _client: HTTP Request: HEAD https://huggingface.co/google/pegasus-cnn_dailymail/resolve/refs%2Fpr%2F12/model.safetensors "HTTP/1.1 302 Found"]
[2026-03-05 13:46:14,712: INFO: _client: HTTP Request: HEAD https://huggingface.co/google/pegasus-cnn_dailymail/resolve/main/generation_config.json "HTTP/1.1 307 Temporary Redirect"]
[2026-03-05 13:46:14,727: INFO: _client: HTTP Request: HEAD https://huggingface.co/api/resolve-cache/models/google/pegasus-cnn_dailymail/40d588fdab0cc077b80d950b300bf66ad3c75b92/generation_config.json "HTTP/1.1 200 OK"]
[2026-03-05 13:53:44,783: INFO: common: YAML file:config/config.yaml loaded successfully]
[2026-03-05 13:53:44,786: INFO: common: YAML file:params.yaml loaded successfully]
[2026-03-05 13:53:44,787: INFO: common: Directory Created at: artifacts]
[2026-03-05 13:53:44,787: INFO: common: Directory Created at: artifacts/model_trainer]
[2026-03-05 13:53:44,931: INFO: _client: HTTP Request: HEAD https://huggingface.co/google/pegasus-cnn_dailymail/resolve/main/config.json "HTTP/1.1 307 Temporary Redirect"]
[2026-03-05 13:53:44,952: INFO: _client: HTTP Request: HEAD https://huggingface.co/api/resolve-cache/models/google/pegasus-cnn_dailymail/40d588fdab0cc077b80d950b300bf66ad3c75b92/config.json "HTTP/1.1 200 OK"]
[2026-03-05 13:53:45,012: INFO: _client: HTTP Request: HEAD https://huggingface.co/google/pegasus-cnn_dailymail/resolve/main/tokenizer_config.json "HTTP/1.1 307 Temporary Redirect"]
[2026-03-05 13:53:45,040: INFO: _client: HTTP Request: HEAD https://huggingface.co/api/resolve-cache/models/google/pegasus-cnn_dailymail/40d588fdab0cc077b80d950b300bf66ad3c75b92/tokenizer_config.json "HTTP/1.1 200 OK"]
[2026-03-05 13:53:45,100: INFO: _client: HTTP Request: GET https://huggingface.co/api/models/google/pegasus-cnn_dailymail/tree/main/additional_chat_templates?recursive=false&expand=false "HTTP/1.1 404 Not Found"]
[2026-03-05 13:53:45,155: INFO: _client: HTTP Request: GET https://huggingface.co/api/models/google/pegasus-cnn_dailymail/tree/main?recursive=true&expand=false "HTTP/1.1 200 OK"]
[2026-03-05 13:53:45,407: INFO: _client: HTTP Request: HEAD https://huggingface.co/google/pegasus-cnn_dailymail/resolve/main/config.json "HTTP/1.1 307 Temporary Redirect"]
[2026-03-05 13:53:45,436: INFO: _client: HTTP Request: HEAD https://huggingface.co/api/resolve-cache/models/google/pegasus-cnn_dailymail/40d588fdab0cc077b80d950b300bf66ad3c75b92/config.json "HTTP/1.1 200 OK"]
[2026-03-05 13:53:45,512: INFO: _client: HTTP Request: HEAD https://huggingface.co/google/pegasus-cnn_dailymail/resolve/main/model.safetensors "HTTP/1.1 404 Not Found"]
[2026-03-05 13:53:45,550: INFO: _client: HTTP Request: GET https://huggingface.co/api/models/google/pegasus-cnn_dailymail "HTTP/1.1 200 OK"]
[2026-03-05 13:53:46,137: INFO: _client: HTTP Request: GET https://huggingface.co/api/models/google/pegasus-cnn_dailymail/commits/main "HTTP/1.1 200 OK"]
[2026-03-05 13:53:46,343: INFO: _client: HTTP Request: GET https://huggingface.co/api/models/google/pegasus-cnn_dailymail/discussions?p=0 "HTTP/1.1 200 OK"]
[2026-03-05 13:53:46,548: INFO: _client: HTTP Request: GET https://huggingface.co/api/models/google/pegasus-cnn_dailymail/commits/refs%2Fpr%2F12 "HTTP/1.1 200 OK"]
[2026-03-05 13:53:46,662: INFO: _client: HTTP Request: HEAD https://huggingface.co/google/pegasus-cnn_dailymail/resolve/refs%2Fpr%2F12/model.safetensors.index.json "HTTP/1.1 404 Not Found"]
[2026-03-05 13:53:46,775: INFO: _client: HTTP Request: HEAD https://huggingface.co/google/pegasus-cnn_dailymail/resolve/refs%2Fpr%2F12/model.safetensors "HTTP/1.1 302 Found"]
[2026-03-05 13:53:46,778: WARNING: _http: Warning: You are sending unauthenticated requests to the HF Hub. Please set a HF_TOKEN to enable higher rate limits and faster downloads.]
[2026-03-05 13:53:50,473: INFO: _client: HTTP Request: HEAD https://huggingface.co/google/pegasus-cnn_dailymail/resolve/main/generation_config.json "HTTP/1.1 307 Temporary Redirect"]
[2026-03-05 13:53:50,512: INFO: _client: HTTP Request: HEAD https://huggingface.co/api/resolve-cache/models/google/pegasus-cnn_dailymail/40d588fdab0cc077b80d950b300bf66ad3c75b92/generation_config.json "HTTP/1.1 200 OK"]
[2026-03-05 13:55:41,721: INFO: common: YAML file:config/config.yaml loaded successfully]
[2026-03-05 13:55:41,723: INFO: common: YAML file:params.yaml loaded successfully]
[2026-03-05 13:55:41,724: INFO: common: Directory Created at: artifacts]
[2026-03-05 13:55:41,726: INFO: common: Directory Created at: artifacts/model_trainer]
[2026-03-05 13:55:41,958: INFO: _client: HTTP Request: HEAD https://huggingface.co/google/pegasus-cnn_dailymail/resolve/main/config.json "HTTP/1.1 307 Temporary Redirect"]
[2026-03-05 13:55:41,960: WARNING: _http: Warning: You are sending unauthenticated requests to the HF Hub. Please set a HF_TOKEN to enable higher rate limits and faster downloads.]
[2026-03-05 13:55:41,986: INFO: _client: HTTP Request: HEAD https://huggingface.co/api/resolve-cache/models/google/pegasus-cnn_dailymail/40d588fdab0cc077b80d950b300bf66ad3c75b92/config.json "HTTP/1.1 200 OK"]
[2026-03-05 13:55:42,033: INFO: _client: HTTP Request: HEAD https://huggingface.co/google/pegasus-cnn_dailymail/resolve/main/tokenizer_config.json "HTTP/1.1 307 Temporary Redirect"]
[2026-03-05 13:55:42,052: INFO: _client: HTTP Request: HEAD https://huggingface.co/api/resolve-cache/models/google/pegasus-cnn_dailymail/40d588fdab0cc077b80d950b300bf66ad3c75b92/tokenizer_config.json "HTTP/1.1 200 OK"]
[2026-03-05 13:55:42,092: INFO: _client: HTTP Request: GET https://huggingface.co/api/models/google/pegasus-cnn_dailymail/tree/main/additional_chat_templates?recursive=false&expand=false "HTTP/1.1 404 Not Found"]
[2026-03-05 13:55:42,146: INFO: _client: HTTP Request: GET https://huggingface.co/api/models/google/pegasus-cnn_dailymail/tree/main?recursive=true&expand=false "HTTP/1.1 200 OK"]
[2026-03-05 13:55:42,353: INFO: _client: HTTP Request: HEAD https://huggingface.co/google/pegasus-cnn_dailymail/resolve/main/config.json "HTTP/1.1 307 Temporary Redirect"]
[2026-03-05 13:55:42,374: INFO: _client: HTTP Request: HEAD https://huggingface.co/api/resolve-cache/models/google/pegasus-cnn_dailymail/40d588fdab0cc077b80d950b300bf66ad3c75b92/config.json "HTTP/1.1 200 OK"]
[2026-03-05 13:55:42,444: INFO: _client: HTTP Request: HEAD https://huggingface.co/google/pegasus-cnn_dailymail/resolve/main/model.safetensors "HTTP/1.1 404 Not Found"]
[2026-03-05 13:55:42,506: INFO: _client: HTTP Request: GET https://huggingface.co/api/models/google/pegasus-cnn_dailymail "HTTP/1.1 200 OK"]
[2026-03-05 13:55:42,892: INFO: _client: HTTP Request: GET https://huggingface.co/api/models/google/pegasus-cnn_dailymail/commits/main "HTTP/1.1 200 OK"]
[2026-03-05 13:55:43,037: INFO: _client: HTTP Request: GET https://huggingface.co/api/models/google/pegasus-cnn_dailymail/discussions?p=0 "HTTP/1.1 200 OK"]
[2026-03-05 13:55:43,210: INFO: _client: HTTP Request: GET https://huggingface.co/api/models/google/pegasus-cnn_dailymail/commits/refs%2Fpr%2F12 "HTTP/1.1 200 OK"]
[2026-03-05 13:55:43,329: INFO: _client: HTTP Request: HEAD https://huggingface.co/google/pegasus-cnn_dailymail/resolve/refs%2Fpr%2F12/model.safetensors.index.json "HTTP/1.1 404 Not Found"]
[2026-03-05 13:55:43,582: INFO: _client: HTTP Request: HEAD https://huggingface.co/google/pegasus-cnn_dailymail/resolve/refs%2Fpr%2F12/model.safetensors "HTTP/1.1 302 Found"]
[2026-03-05 13:55:46,309: INFO: _client: HTTP Request: HEAD https://huggingface.co/google/pegasus-cnn_dailymail/resolve/main/generation_config.json "HTTP/1.1 307 Temporary Redirect"]
[2026-03-05 13:55:46,333: INFO: _client: HTTP Request: HEAD https://huggingface.co/api/resolve-cache/models/google/pegasus-cnn_dailymail/40d588fdab0cc077b80d950b300bf66ad3c75b92/generation_config.json "HTTP/1.1 200 OK"]
[2026-03-05 14:00:56,860: INFO: common: YAML file:config/config.yaml loaded successfully]
[2026-03-05 14:00:56,861: INFO: common: YAML file:params.yaml loaded successfully]
[2026-03-05 14:00:56,862: INFO: common: Directory Created at: artifacts]
[2026-03-05 14:00:56,863: INFO: common: Directory Created at: artifacts/model_trainer]
[2026-03-05 14:00:57,021: INFO: _client: HTTP Request: HEAD https://huggingface.co/google/pegasus-cnn_dailymail/resolve/main/config.json "HTTP/1.1 307 Temporary Redirect"]
[2026-03-05 14:00:57,040: INFO: _client: HTTP Request: HEAD https://huggingface.co/api/resolve-cache/models/google/pegasus-cnn_dailymail/40d588fdab0cc077b80d950b300bf66ad3c75b92/config.json "HTTP/1.1 200 OK"]
[2026-03-05 14:00:57,099: INFO: _client: HTTP Request: HEAD https://huggingface.co/google/pegasus-cnn_dailymail/resolve/main/tokenizer_config.json "HTTP/1.1 307 Temporary Redirect"]
[2026-03-05 14:00:57,100: WARNING: _http: Warning: You are sending unauthenticated requests to the HF Hub. Please set a HF_TOKEN to enable higher rate limits and faster downloads.]
[2026-03-05 14:00:57,131: INFO: _client: HTTP Request: HEAD https://huggingface.co/api/resolve-cache/models/google/pegasus-cnn_dailymail/40d588fdab0cc077b80d950b300bf66ad3c75b92/tokenizer_config.json "HTTP/1.1 200 OK"]
[2026-03-05 14:00:57,184: INFO: _client: HTTP Request: GET https://huggingface.co/api/models/google/pegasus-cnn_dailymail/tree/main/additional_chat_templates?recursive=false&expand=false "HTTP/1.1 404 Not Found"]
[2026-03-05 14:00:57,233: INFO: _client: HTTP Request: GET https://huggingface.co/api/models/google/pegasus-cnn_dailymail/tree/main?recursive=true&expand=false "HTTP/1.1 200 OK"]
[2026-03-05 14:00:57,439: INFO: _client: HTTP Request: HEAD https://huggingface.co/google/pegasus-cnn_dailymail/resolve/main/config.json "HTTP/1.1 307 Temporary Redirect"]
[2026-03-05 14:00:57,457: INFO: _client: HTTP Request: HEAD https://huggingface.co/api/resolve-cache/models/google/pegasus-cnn_dailymail/40d588fdab0cc077b80d950b300bf66ad3c75b92/config.json "HTTP/1.1 200 OK"]
[2026-03-05 14:00:57,526: INFO: _client: HTTP Request: HEAD https://huggingface.co/google/pegasus-cnn_dailymail/resolve/main/model.safetensors "HTTP/1.1 404 Not Found"]
[2026-03-05 14:00:57,593: INFO: _client: HTTP Request: GET https://huggingface.co/api/models/google/pegasus-cnn_dailymail "HTTP/1.1 200 OK"]
[2026-03-05 14:00:58,123: INFO: _client: HTTP Request: GET https://huggingface.co/api/models/google/pegasus-cnn_dailymail/commits/main "HTTP/1.1 200 OK"]
[2026-03-05 14:00:58,356: INFO: _client: HTTP Request: GET https://huggingface.co/api/models/google/pegasus-cnn_dailymail/discussions?p=0 "HTTP/1.1 200 OK"]
[2026-03-05 14:00:58,541: INFO: _client: HTTP Request: GET https://huggingface.co/api/models/google/pegasus-cnn_dailymail/commits/refs%2Fpr%2F12 "HTTP/1.1 200 OK"]
[2026-03-05 14:00:58,666: INFO: _client: HTTP Request: HEAD https://huggingface.co/google/pegasus-cnn_dailymail/resolve/refs%2Fpr%2F12/model.safetensors.index.json "HTTP/1.1 404 Not Found"]
[2026-03-05 14:00:58,914: INFO: _client: HTTP Request: HEAD https://huggingface.co/google/pegasus-cnn_dailymail/resolve/refs%2Fpr%2F12/model.safetensors "HTTP/1.1 302 Found"]
[2026-03-05 14:01:01,904: INFO: _client: HTTP Request: HEAD https://huggingface.co/google/pegasus-cnn_dailymail/resolve/main/generation_config.json "HTTP/1.1 307 Temporary Redirect"]
[2026-03-05 14:01:01,925: INFO: _client: HTTP Request: HEAD https://huggingface.co/api/resolve-cache/models/google/pegasus-cnn_dailymail/40d588fdab0cc077b80d950b300bf66ad3c75b92/generation_config.json "HTTP/1.1 200 OK"]
[2026-03-05 14:03:38,304: INFO: common: YAML file:config/config.yaml loaded successfully]
[2026-03-05 14:03:38,307: INFO: common: YAML file:params.yaml loaded successfully]
[2026-03-05 14:03:38,308: INFO: common: Directory Created at: artifacts]
[2026-03-05 14:03:38,311: INFO: common: Directory Created at: artifacts/model_trainer]
[2026-03-05 14:03:38,450: INFO: _client: HTTP Request: HEAD https://huggingface.co/google/pegasus-cnn_dailymail/resolve/main/config.json "HTTP/1.1 307 Temporary Redirect"]
[2026-03-05 14:03:38,474: INFO: _client: HTTP Request: HEAD https://huggingface.co/api/resolve-cache/models/google/pegasus-cnn_dailymail/40d588fdab0cc077b80d950b300bf66ad3c75b92/config.json "HTTP/1.1 200 OK"]
[2026-03-05 14:03:38,533: INFO: _client: HTTP Request: HEAD https://huggingface.co/google/pegasus-cnn_dailymail/resolve/main/tokenizer_config.json "HTTP/1.1 307 Temporary Redirect"]
[2026-03-05 14:03:38,560: INFO: _client: HTTP Request: HEAD https://huggingface.co/api/resolve-cache/models/google/pegasus-cnn_dailymail/40d588fdab0cc077b80d950b300bf66ad3c75b92/tokenizer_config.json "HTTP/1.1 200 OK"]
[2026-03-05 14:03:38,607: INFO: _client: HTTP Request: GET https://huggingface.co/api/models/google/pegasus-cnn_dailymail/tree/main/additional_chat_templates?recursive=false&expand=false "HTTP/1.1 404 Not Found"]
[2026-03-05 14:03:38,663: INFO: _client: HTTP Request: GET https://huggingface.co/api/models/google/pegasus-cnn_dailymail/tree/main?recursive=true&expand=false "HTTP/1.1 200 OK"]
[2026-03-05 14:03:38,875: INFO: _client: HTTP Request: HEAD https://huggingface.co/google/pegasus-cnn_dailymail/resolve/main/config.json "HTTP/1.1 307 Temporary Redirect"]
[2026-03-05 14:03:38,897: INFO: _client: HTTP Request: HEAD https://huggingface.co/api/resolve-cache/models/google/pegasus-cnn_dailymail/40d588fdab0cc077b80d950b300bf66ad3c75b92/config.json "HTTP/1.1 200 OK"]
[2026-03-05 14:03:38,947: INFO: _client: HTTP Request: HEAD https://huggingface.co/google/pegasus-cnn_dailymail/resolve/main/model.safetensors "HTTP/1.1 404 Not Found"]
[2026-03-05 14:03:39,010: INFO: _client: HTTP Request: GET https://huggingface.co/api/models/google/pegasus-cnn_dailymail "HTTP/1.1 200 OK"]
[2026-03-05 14:03:39,541: INFO: _client: HTTP Request: GET https://huggingface.co/api/models/google/pegasus-cnn_dailymail/commits/main "HTTP/1.1 200 OK"]
[2026-03-05 14:03:39,767: INFO: _client: HTTP Request: GET https://huggingface.co/api/models/google/pegasus-cnn_dailymail/discussions?p=0 "HTTP/1.1 200 OK"]
[2026-03-05 14:03:39,954: INFO: _client: HTTP Request: GET https://huggingface.co/api/models/google/pegasus-cnn_dailymail/commits/refs%2Fpr%2F12 "HTTP/1.1 200 OK"]
[2026-03-05 14:03:40,232: INFO: _client: HTTP Request: HEAD https://huggingface.co/google/pegasus-cnn_dailymail/resolve/refs%2Fpr%2F12/model.safetensors.index.json "HTTP/1.1 404 Not Found"]
[2026-03-05 14:03:40,306: INFO: _client: HTTP Request: HEAD https://huggingface.co/google/pegasus-cnn_dailymail/resolve/refs%2Fpr%2F12/model.safetensors "HTTP/1.1 302 Found"]
[2026-03-05 14:03:43,379: INFO: _client: HTTP Request: HEAD https://huggingface.co/google/pegasus-cnn_dailymail/resolve/main/generation_config.json "HTTP/1.1 307 Temporary Redirect"]
[2026-03-05 14:03:43,404: INFO: _client: HTTP Request: HEAD https://huggingface.co/api/resolve-cache/models/google/pegasus-cnn_dailymail/40d588fdab0cc077b80d950b300bf66ad3c75b92/generation_config.json "HTTP/1.1 200 OK"]
[2026-03-05 14:07:58,802: INFO: common: YAML file:config/config.yaml loaded successfully]
[2026-03-05 14:07:58,810: INFO: common: YAML file:params.yaml loaded successfully]
[2026-03-05 14:07:58,811: INFO: common: Directory Created at: artifacts]
[2026-03-05 14:07:58,812: INFO: common: Directory Created at: artifacts/model_trainer]
[2026-03-05 14:07:58,992: INFO: _client: HTTP Request: HEAD https://huggingface.co/google/pegasus-cnn_dailymail/resolve/main/config.json "HTTP/1.1 307 Temporary Redirect"]
[2026-03-05 14:07:59,027: INFO: _client: HTTP Request: HEAD https://huggingface.co/api/resolve-cache/models/google/pegasus-cnn_dailymail/40d588fdab0cc077b80d950b300bf66ad3c75b92/config.json "HTTP/1.1 200 OK"]
[2026-03-05 14:07:59,085: INFO: _client: HTTP Request: HEAD https://huggingface.co/google/pegasus-cnn_dailymail/resolve/main/tokenizer_config.json "HTTP/1.1 307 Temporary Redirect"]
[2026-03-05 14:07:59,109: INFO: _client: HTTP Request: HEAD https://huggingface.co/api/resolve-cache/models/google/pegasus-cnn_dailymail/40d588fdab0cc077b80d950b300bf66ad3c75b92/tokenizer_config.json "HTTP/1.1 200 OK"]
[2026-03-05 14:07:59,161: INFO: _client: HTTP Request: GET https://huggingface.co/api/models/google/pegasus-cnn_dailymail/tree/main/additional_chat_templates?recursive=false&expand=false "HTTP/1.1 404 Not Found"]
[2026-03-05 14:07:59,208: INFO: _client: HTTP Request: GET https://huggingface.co/api/models/google/pegasus-cnn_dailymail/tree/main?recursive=true&expand=false "HTTP/1.1 200 OK"]
[2026-03-05 14:07:59,437: INFO: _client: HTTP Request: HEAD https://huggingface.co/google/pegasus-cnn_dailymail/resolve/main/config.json "HTTP/1.1 307 Temporary Redirect"]
[2026-03-05 14:07:59,463: INFO: _client: HTTP Request: HEAD https://huggingface.co/api/resolve-cache/models/google/pegasus-cnn_dailymail/40d588fdab0cc077b80d950b300bf66ad3c75b92/config.json "HTTP/1.1 200 OK"]
[2026-03-05 14:07:59,505: INFO: _client: HTTP Request: HEAD https://huggingface.co/google/pegasus-cnn_dailymail/resolve/main/model.safetensors "HTTP/1.1 404 Not Found"]
[2026-03-05 14:07:59,571: INFO: _client: HTTP Request: GET https://huggingface.co/api/models/google/pegasus-cnn_dailymail "HTTP/1.1 200 OK"]
[2026-03-05 14:08:00,176: INFO: _client: HTTP Request: GET https://huggingface.co/api/models/google/pegasus-cnn_dailymail/commits/main "HTTP/1.1 200 OK"]
[2026-03-05 14:08:00,446: INFO: _client: HTTP Request: GET https://huggingface.co/api/models/google/pegasus-cnn_dailymail/discussions?p=0 "HTTP/1.1 200 OK"]
[2026-03-05 14:08:00,692: INFO: _client: HTTP Request: GET https://huggingface.co/api/models/google/pegasus-cnn_dailymail/commits/refs%2Fpr%2F12 "HTTP/1.1 200 OK"]
[2026-03-05 14:08:01,030: INFO: _client: HTTP Request: HEAD https://huggingface.co/google/pegasus-cnn_dailymail/resolve/refs%2Fpr%2F12/model.safetensors.index.json "HTTP/1.1 404 Not Found"]
[2026-03-05 14:08:01,112: INFO: _client: HTTP Request: HEAD https://huggingface.co/google/pegasus-cnn_dailymail/resolve/refs%2Fpr%2F12/model.safetensors "HTTP/1.1 302 Found"]
[2026-03-05 14:08:06,586: INFO: _client: HTTP Request: HEAD https://huggingface.co/google/pegasus-cnn_dailymail/resolve/main/generation_config.json "HTTP/1.1 307 Temporary Redirect"]
[2026-03-05 14:08:06,620: INFO: _client: HTTP Request: HEAD https://huggingface.co/api/resolve-cache/models/google/pegasus-cnn_dailymail/40d588fdab0cc077b80d950b300bf66ad3c75b92/generation_config.json "HTTP/1.1 200 OK"]
[2026-03-05 14:10:26,126: INFO: common: YAML file:config/config.yaml loaded successfully]
[2026-03-05 14:10:26,129: INFO: common: YAML file:params.yaml loaded successfully]
[2026-03-05 14:10:26,130: INFO: common: Directory Created at: artifacts]
[2026-03-05 14:10:26,133: INFO: common: Directory Created at: artifacts/model_trainer]
[2026-03-05 14:10:26,298: INFO: _client: HTTP Request: HEAD https://huggingface.co/google/pegasus-cnn_dailymail/resolve/main/config.json "HTTP/1.1 307 Temporary Redirect"]
[2026-03-05 14:10:26,330: INFO: _client: HTTP Request: HEAD https://huggingface.co/api/resolve-cache/models/google/pegasus-cnn_dailymail/40d588fdab0cc077b80d950b300bf66ad3c75b92/config.json "HTTP/1.1 200 OK"]
[2026-03-05 14:10:26,382: INFO: _client: HTTP Request: HEAD https://huggingface.co/google/pegasus-cnn_dailymail/resolve/main/tokenizer_config.json "HTTP/1.1 307 Temporary Redirect"]
[2026-03-05 14:10:26,401: INFO: _client: HTTP Request: HEAD https://huggingface.co/api/resolve-cache/models/google/pegasus-cnn_dailymail/40d588fdab0cc077b80d950b300bf66ad3c75b92/tokenizer_config.json "HTTP/1.1 200 OK"]
[2026-03-05 14:10:26,457: INFO: _client: HTTP Request: GET https://huggingface.co/api/models/google/pegasus-cnn_dailymail/tree/main/additional_chat_templates?recursive=false&expand=false "HTTP/1.1 404 Not Found"]
[2026-03-05 14:10:26,517: INFO: _client: HTTP Request: GET https://huggingface.co/api/models/google/pegasus-cnn_dailymail/tree/main?recursive=true&expand=false "HTTP/1.1 200 OK"]
[2026-03-05 14:10:26,764: INFO: _client: HTTP Request: HEAD https://huggingface.co/google/pegasus-cnn_dailymail/resolve/main/config.json "HTTP/1.1 307 Temporary Redirect"]
[2026-03-05 14:10:26,793: INFO: _client: HTTP Request: HEAD https://huggingface.co/api/resolve-cache/models/google/pegasus-cnn_dailymail/40d588fdab0cc077b80d950b300bf66ad3c75b92/config.json "HTTP/1.1 200 OK"]
[2026-03-05 14:10:26,841: INFO: _client: HTTP Request: HEAD https://huggingface.co/google/pegasus-cnn_dailymail/resolve/main/model.safetensors "HTTP/1.1 404 Not Found"]
[2026-03-05 14:10:26,909: INFO: _client: HTTP Request: GET https://huggingface.co/api/models/google/pegasus-cnn_dailymail "HTTP/1.1 200 OK"]
[2026-03-05 14:10:27,336: INFO: _client: HTTP Request: GET https://huggingface.co/api/models/google/pegasus-cnn_dailymail/commits/main "HTTP/1.1 200 OK"]
[2026-03-05 14:10:27,608: INFO: _client: HTTP Request: GET https://huggingface.co/api/models/google/pegasus-cnn_dailymail/discussions?p=0 "HTTP/1.1 200 OK"]
[2026-03-05 14:10:27,877: INFO: _client: HTTP Request: GET https://huggingface.co/api/models/google/pegasus-cnn_dailymail/commits/refs%2Fpr%2F12 "HTTP/1.1 200 OK"]
[2026-03-05 14:10:28,072: INFO: _client: HTTP Request: HEAD https://huggingface.co/google/pegasus-cnn_dailymail/resolve/refs%2Fpr%2F12/model.safetensors.index.json "HTTP/1.1 404 Not Found"]
[2026-03-05 14:10:28,237: INFO: _client: HTTP Request: HEAD https://huggingface.co/google/pegasus-cnn_dailymail/resolve/refs%2Fpr%2F12/model.safetensors "HTTP/1.1 302 Found"]
[2026-03-05 14:10:33,043: INFO: _client: HTTP Request: HEAD https://huggingface.co/google/pegasus-cnn_dailymail/resolve/main/generation_config.json "HTTP/1.1 307 Temporary Redirect"]
[2026-03-05 14:10:33,072: INFO: _client: HTTP Request: HEAD https://huggingface.co/api/resolve-cache/models/google/pegasus-cnn_dailymail/40d588fdab0cc077b80d950b300bf66ad3c75b92/generation_config.json "HTTP/1.1 200 OK"]
[2026-03-05 14:11:01,994: INFO: common: YAML file:config/config.yaml loaded successfully]
[2026-03-05 14:11:01,997: INFO: common: YAML file:params.yaml loaded successfully]
[2026-03-05 14:11:01,998: INFO: common: Directory Created at: artifacts]
[2026-03-05 14:11:02,000: INFO: common: Directory Created at: artifacts/model_trainer]
[2026-03-05 14:11:02,134: INFO: _client: HTTP Request: HEAD https://huggingface.co/google/pegasus-cnn_dailymail/resolve/main/config.json "HTTP/1.1 307 Temporary Redirect"]
[2026-03-05 14:11:02,157: INFO: _client: HTTP Request: HEAD https://huggingface.co/api/resolve-cache/models/google/pegasus-cnn_dailymail/40d588fdab0cc077b80d950b300bf66ad3c75b92/config.json "HTTP/1.1 200 OK"]
[2026-03-05 14:11:02,210: INFO: _client: HTTP Request: HEAD https://huggingface.co/google/pegasus-cnn_dailymail/resolve/main/tokenizer_config.json "HTTP/1.1 307 Temporary Redirect"]
[2026-03-05 14:11:02,233: INFO: _client: HTTP Request: HEAD https://huggingface.co/api/resolve-cache/models/google/pegasus-cnn_dailymail/40d588fdab0cc077b80d950b300bf66ad3c75b92/tokenizer_config.json "HTTP/1.1 200 OK"]
[2026-03-05 14:11:02,290: INFO: _client: HTTP Request: GET https://huggingface.co/api/models/google/pegasus-cnn_dailymail/tree/main/additional_chat_templates?recursive=false&expand=false "HTTP/1.1 404 Not Found"]
[2026-03-05 14:11:02,343: INFO: _client: HTTP Request: GET https://huggingface.co/api/models/google/pegasus-cnn_dailymail/tree/main?recursive=true&expand=false "HTTP/1.1 200 OK"]
[2026-03-05 14:11:02,594: INFO: _client: HTTP Request: HEAD https://huggingface.co/google/pegasus-cnn_dailymail/resolve/main/config.json "HTTP/1.1 307 Temporary Redirect"]
[2026-03-05 14:11:02,624: INFO: _client: HTTP Request: HEAD https://huggingface.co/api/resolve-cache/models/google/pegasus-cnn_dailymail/40d588fdab0cc077b80d950b300bf66ad3c75b92/config.json "HTTP/1.1 200 OK"]
[2026-03-05 14:11:02,705: INFO: _client: HTTP Request: HEAD https://huggingface.co/google/pegasus-cnn_dailymail/resolve/main/model.safetensors "HTTP/1.1 404 Not Found"]
[2026-03-05 14:11:02,781: INFO: _client: HTTP Request: GET https://huggingface.co/api/models/google/pegasus-cnn_dailymail "HTTP/1.1 200 OK"]
[2026-03-05 14:11:03,357: INFO: _client: HTTP Request: GET https://huggingface.co/api/models/google/pegasus-cnn_dailymail/commits/main "HTTP/1.1 200 OK"]
[2026-03-05 14:11:03,689: INFO: _client: HTTP Request: GET https://huggingface.co/api/models/google/pegasus-cnn_dailymail/discussions?p=0 "HTTP/1.1 200 OK"]
[2026-03-05 14:11:03,885: INFO: _client: HTTP Request: GET https://huggingface.co/api/models/google/pegasus-cnn_dailymail/commits/refs%2Fpr%2F12 "HTTP/1.1 200 OK"]
[2026-03-05 14:11:04,087: INFO: _client: HTTP Request: HEAD https://huggingface.co/google/pegasus-cnn_dailymail/resolve/refs%2Fpr%2F12/model.safetensors.index.json "HTTP/1.1 404 Not Found"]
[2026-03-05 14:11:04,151: INFO: _client: HTTP Request: HEAD https://huggingface.co/google/pegasus-cnn_dailymail/resolve/refs%2Fpr%2F12/model.safetensors "HTTP/1.1 302 Found"]
[2026-03-05 14:11:07,522: INFO: _client: HTTP Request: HEAD https://huggingface.co/google/pegasus-cnn_dailymail/resolve/main/generation_config.json "HTTP/1.1 307 Temporary Redirect"]
[2026-03-05 14:11:07,546: INFO: _client: HTTP Request: HEAD https://huggingface.co/api/resolve-cache/models/google/pegasus-cnn_dailymail/40d588fdab0cc077b80d950b300bf66ad3c75b92/generation_config.json "HTTP/1.1 200 OK"]
[2026-03-05 14:12:09,848: INFO: common: YAML file:config/config.yaml loaded successfully]
[2026-03-05 14:12:09,849: INFO: common: YAML file:params.yaml loaded successfully]
[2026-03-05 14:12:09,849: INFO: common: Directory Created at: artifacts]
[2026-03-05 14:14:33,072: INFO: common: YAML file:config/config.yaml loaded successfully]
[2026-03-05 14:14:33,077: INFO: common: YAML file:params.yaml loaded successfully]
[2026-03-05 14:14:33,078: INFO: common: Directory Created at: artifacts]
[2026-03-05 14:14:33,079: INFO: common: Directory Created at: artifacts/model_trainer]
[2026-03-05 14:14:33,208: INFO: _client: HTTP Request: HEAD https://huggingface.co/google/pegasus-cnn_dailymail/resolve/main/config.json "HTTP/1.1 307 Temporary Redirect"]
[2026-03-05 14:14:33,238: INFO: _client: HTTP Request: HEAD https://huggingface.co/api/resolve-cache/models/google/pegasus-cnn_dailymail/40d588fdab0cc077b80d950b300bf66ad3c75b92/config.json "HTTP/1.1 200 OK"]
[2026-03-05 14:14:33,291: INFO: _client: HTTP Request: HEAD https://huggingface.co/google/pegasus-cnn_dailymail/resolve/main/tokenizer_config.json "HTTP/1.1 307 Temporary Redirect"]
[2026-03-05 14:14:33,323: INFO: _client: HTTP Request: HEAD https://huggingface.co/api/resolve-cache/models/google/pegasus-cnn_dailymail/40d588fdab0cc077b80d950b300bf66ad3c75b92/tokenizer_config.json "HTTP/1.1 200 OK"]
[2026-03-05 14:14:33,374: INFO: _client: HTTP Request: GET https://huggingface.co/api/models/google/pegasus-cnn_dailymail/tree/main/additional_chat_templates?recursive=false&expand=false "HTTP/1.1 404 Not Found"]
[2026-03-05 14:14:33,434: INFO: _client: HTTP Request: GET https://huggingface.co/api/models/google/pegasus-cnn_dailymail/tree/main?recursive=true&expand=false "HTTP/1.1 200 OK"]
[2026-03-05 14:14:33,649: INFO: _client: HTTP Request: HEAD https://huggingface.co/google/pegasus-cnn_dailymail/resolve/main/config.json "HTTP/1.1 307 Temporary Redirect"]
[2026-03-05 14:14:33,673: INFO: _client: HTTP Request: HEAD https://huggingface.co/api/resolve-cache/models/google/pegasus-cnn_dailymail/40d588fdab0cc077b80d950b300bf66ad3c75b92/config.json "HTTP/1.1 200 OK"]
[2026-03-05 14:14:33,726: INFO: _client: HTTP Request: HEAD https://huggingface.co/google/pegasus-cnn_dailymail/resolve/main/model.safetensors "HTTP/1.1 404 Not Found"]
[2026-03-05 14:14:33,766: INFO: _client: HTTP Request: GET https://huggingface.co/api/models/google/pegasus-cnn_dailymail "HTTP/1.1 200 OK"]
[2026-03-05 14:14:34,175: INFO: _client: HTTP Request: GET https://huggingface.co/api/models/google/pegasus-cnn_dailymail/commits/main "HTTP/1.1 200 OK"]
[2026-03-05 14:14:34,296: INFO: _client: HTTP Request: GET https://huggingface.co/api/models/google/pegasus-cnn_dailymail/discussions?p=0 "HTTP/1.1 200 OK"]
[2026-03-05 14:14:34,507: INFO: _client: HTTP Request: GET https://huggingface.co/api/models/google/pegasus-cnn_dailymail/commits/refs%2Fpr%2F12 "HTTP/1.1 200 OK"]
[2026-03-05 14:14:34,722: INFO: _client: HTTP Request: HEAD https://huggingface.co/google/pegasus-cnn_dailymail/resolve/refs%2Fpr%2F12/model.safetensors.index.json "HTTP/1.1 404 Not Found"]
[2026-03-05 14:14:34,908: INFO: _client: HTTP Request: HEAD https://huggingface.co/google/pegasus-cnn_dailymail/resolve/refs%2Fpr%2F12/model.safetensors "HTTP/1.1 302 Found"]
[2026-03-05 14:14:38,917: INFO: _client: HTTP Request: HEAD https://huggingface.co/google/pegasus-cnn_dailymail/resolve/main/generation_config.json "HTTP/1.1 307 Temporary Redirect"]
[2026-03-05 14:14:38,943: INFO: _client: HTTP Request: HEAD https://huggingface.co/api/resolve-cache/models/google/pegasus-cnn_dailymail/40d588fdab0cc077b80d950b300bf66ad3c75b92/generation_config.json "HTTP/1.1 200 OK"]
